2017-12-27 22:52:33,671 [Worker-5] INFO  c.g.t.t.d.PublishedGradleVersions - Gradle version information cache is out-of-date. Trying to update.
2017-12-27 22:52:58,426 [Worker-5] WARN  c.g.t.t.d.PublishedGradleVersions - Can't close stream after downloading published Gradle versions
javax.net.ssl.SSLException: Connection has been shutdown: javax.net.ssl.SSLException: java.net.SocketException: Connection reset
	at sun.security.ssl.SSLSocketImpl.checkEOF(Unknown Source) ~[na:1.8.0_151]
	at sun.security.ssl.AppInputStream.available(Unknown Source) ~[na:1.8.0_151]
	at java.io.BufferedInputStream.available(Unknown Source) ~[na:1.8.0_151]
	at sun.net.www.MeteredStream.available(Unknown Source) ~[na:1.8.0_151]
	at sun.net.www.http.KeepAliveStream.close(Unknown Source) ~[na:1.8.0_151]
	at java.io.FilterInputStream.close(Unknown Source) ~[na:1.8.0_151]
	at sun.net.www.protocol.http.HttpURLConnection$HttpInputStream.close(Unknown Source) ~[na:1.8.0_151]
	at sun.nio.cs.StreamDecoder.implClose(Unknown Source) ~[na:1.8.0_151]
	at sun.nio.cs.StreamDecoder.close(Unknown Source) ~[na:1.8.0_151]
	at java.io.InputStreamReader.close(Unknown Source) ~[na:1.8.0_151]
	at com.google.common.io.Closeables.close(Closeables.java:77) ~[com.google.guava_15.0.0.v201403281430.jar:na]
	at com.gradleware.tooling.toolingutils.distribution.PublishedGradleVersions.downloadVersionInformation(PublishedGradleVersions.java:179) [com.gradleware.tooling.utils_0.19.3.v20170801075239.jar:na]
	at com.gradleware.tooling.toolingutils.distribution.PublishedGradleVersions.tryToDownloadAndCacheVersions(PublishedGradleVersions.java:159) [com.gradleware.tooling.utils_0.19.3.v20170801075239.jar:na]
	at com.gradleware.tooling.toolingutils.distribution.PublishedGradleVersions.tryToUpdateOutdatedVersionsFile(PublishedGradleVersions.java:143) [com.gradleware.tooling.utils_0.19.3.v20170801075239.jar:na]
	at com.gradleware.tooling.toolingutils.distribution.PublishedGradleVersions.create(PublishedGradleVersions.java:127) [com.gradleware.tooling.utils_0.19.3.v20170801075239.jar:na]
	at org.eclipse.buildship.core.util.gradle.PublishedGradleVersionsWrapper$LoadVersionsJob.run(PublishedGradleVersionsWrapper.java:66) [org.eclipse.buildship.core_2.1.2.v20170807-1324.jar:na]
	at org.eclipse.core.internal.jobs.Worker.run(Worker.java:56) [org.eclipse.core.jobs_3.9.2.v20171030-1027.jar:na]
Caused by: javax.net.ssl.SSLException: java.net.SocketException: Connection reset
	at sun.security.ssl.Alerts.getSSLException(Unknown Source) ~[na:1.8.0_151]
	at sun.security.ssl.SSLSocketImpl.fatal(Unknown Source) ~[na:1.8.0_151]
	at sun.security.ssl.SSLSocketImpl.fatal(Unknown Source) ~[na:1.8.0_151]
	at sun.security.ssl.SSLSocketImpl.handleException(Unknown Source) ~[na:1.8.0_151]
	at sun.security.ssl.SSLSocketImpl.handleException(Unknown Source) ~[na:1.8.0_151]
	at sun.security.ssl.AppInputStream.read(Unknown Source) ~[na:1.8.0_151]
	at java.io.BufferedInputStream.fill(Unknown Source) ~[na:1.8.0_151]
	at java.io.BufferedInputStream.read1(Unknown Source) ~[na:1.8.0_151]
	at java.io.BufferedInputStream.read(Unknown Source) ~[na:1.8.0_151]
	at sun.net.www.MeteredStream.read(Unknown Source) ~[na:1.8.0_151]
	at java.io.FilterInputStream.read(Unknown Source) ~[na:1.8.0_151]
	at sun.net.www.protocol.http.HttpURLConnection$HttpInputStream.read(Unknown Source) ~[na:1.8.0_151]
	at sun.nio.cs.StreamDecoder.readBytes(Unknown Source) ~[na:1.8.0_151]
	at sun.nio.cs.StreamDecoder.implRead(Unknown Source) ~[na:1.8.0_151]
	at sun.nio.cs.StreamDecoder.read(Unknown Source) ~[na:1.8.0_151]
	at java.io.InputStreamReader.read(Unknown Source) ~[na:1.8.0_151]
	at java.io.Reader.read(Unknown Source) ~[na:1.8.0_151]
	at com.google.common.io.CharStreams.copy(CharStreams.java:176) ~[com.google.guava_15.0.0.v201403281430.jar:na]
	at com.google.common.io.CharStreams.toStringBuilder(CharStreams.java:220) ~[com.google.guava_15.0.0.v201403281430.jar:na]
	at com.google.common.io.CharStreams.toString(CharStreams.java:194) ~[com.google.guava_15.0.0.v201403281430.jar:na]
	at com.gradleware.tooling.toolingutils.distribution.PublishedGradleVersions.downloadVersionInformation(PublishedGradleVersions.java:173) [com.gradleware.tooling.utils_0.19.3.v20170801075239.jar:na]
	... 5 common frames omitted
Caused by: java.net.SocketException: Connection reset
	at java.net.SocketInputStream.read(Unknown Source) ~[na:1.8.0_151]
	at java.net.SocketInputStream.read(Unknown Source) ~[na:1.8.0_151]
	at sun.security.ssl.InputRecord.readFully(Unknown Source) ~[na:1.8.0_151]
	at sun.security.ssl.InputRecord.read(Unknown Source) ~[na:1.8.0_151]
	at sun.security.ssl.SSLSocketImpl.readRecord(Unknown Source) ~[na:1.8.0_151]
	at sun.security.ssl.SSLSocketImpl.readDataRecord(Unknown Source) ~[na:1.8.0_151]
	... 21 common frames omitted
2017-12-27 22:52:58,553 [Worker-5] INFO  c.g.t.t.d.PublishedGradleVersions - Updating Gradle version information cache failed. Using outdated cache.
2017-12-27 23:04:57,639 [Worker-16] INFO  o.e.m.c.i.e.AbstractTransferListenerAdapter - Downloading https://repo.maven.apache.org/maven2/org/apache/maven/plugins/maven-surefire-plugin/2.12.4/maven-surefire-plugin-2.12.4.jar
2017-12-27 23:05:00,088 [Worker-16] INFO  o.e.m.c.i.e.AbstractTransferListenerAdapter - Downloaded https://repo.maven.apache.org/maven2/org/apache/maven/plugins/maven-surefire-plugin/2.12.4/maven-surefire-plugin-2.12.4.jar
2017-12-27 23:05:13,397 [Worker-16] INFO  o.e.m.c.i.l.LifecycleMappingFactory - Using org.maven.ide.eclipse.wtp.WarLifecycleMapping lifecycle mapping for MavenProject: com.accenture:Day1SpringFormValidationMaven:0.0.1-SNAPSHOT @ D:\Accenture Docs\Stream\ADFWeek4\Day1SpringFormValidationMaven\pom.xml.
2017-12-27 23:05:17,416 [Worker-16] INFO  o.e.m.c.i.e.AbstractTransferListenerAdapter - Downloading https://repo.maven.apache.org/maven2/org/springframework/spring-webmvc/4.3.13.RELEASE/spring-webmvc-4.3.13.RELEASE.pom
2017-12-27 23:05:21,107 [Worker-16] INFO  o.e.m.c.i.e.AbstractTransferListenerAdapter - Downloaded https://repo.maven.apache.org/maven2/org/springframework/spring-webmvc/4.3.13.RELEASE/spring-webmvc-4.3.13.RELEASE.pom
2017-12-27 23:05:22,094 [Worker-16] INFO  o.e.m.c.i.e.AbstractTransferListenerAdapter - Downloading https://repo.maven.apache.org/maven2/org/springframework/spring-aop/4.3.13.RELEASE/spring-aop-4.3.13.RELEASE.pom
2017-12-27 23:05:23,469 [Worker-16] INFO  o.e.m.c.i.e.AbstractTransferListenerAdapter - Downloaded https://repo.maven.apache.org/maven2/org/springframework/spring-aop/4.3.13.RELEASE/spring-aop-4.3.13.RELEASE.pom
2017-12-27 23:05:24,575 [Worker-16] INFO  o.e.m.c.i.e.AbstractTransferListenerAdapter - Downloading https://repo.maven.apache.org/maven2/org/springframework/spring-beans/4.3.13.RELEASE/spring-beans-4.3.13.RELEASE.pom
2017-12-27 23:05:25,410 [Worker-16] INFO  o.e.m.c.i.e.AbstractTransferListenerAdapter - Downloaded https://repo.maven.apache.org/maven2/org/springframework/spring-beans/4.3.13.RELEASE/spring-beans-4.3.13.RELEASE.pom
2017-12-27 23:05:26,286 [Worker-16] INFO  o.e.m.c.i.e.AbstractTransferListenerAdapter - Downloading https://repo.maven.apache.org/maven2/org/springframework/spring-core/4.3.13.RELEASE/spring-core-4.3.13.RELEASE.pom
2017-12-27 23:05:28,561 [Worker-16] INFO  o.e.m.c.i.e.AbstractTransferListenerAdapter - Downloaded https://repo.maven.apache.org/maven2/org/springframework/spring-core/4.3.13.RELEASE/spring-core-4.3.13.RELEASE.pom
2017-12-27 23:05:31,205 [Worker-16] INFO  o.e.m.c.i.e.AbstractTransferListenerAdapter - Downloading https://repo.maven.apache.org/maven2/org/springframework/spring-context/4.3.13.RELEASE/spring-context-4.3.13.RELEASE.pom
2017-12-27 23:05:37,421 [Worker-16] INFO  o.e.m.c.i.e.AbstractTransferListenerAdapter - Downloaded https://repo.maven.apache.org/maven2/org/springframework/spring-context/4.3.13.RELEASE/spring-context-4.3.13.RELEASE.pom
2017-12-27 23:05:39,222 [Worker-16] INFO  o.e.m.c.i.e.AbstractTransferListenerAdapter - Downloading https://repo.maven.apache.org/maven2/org/springframework/spring-expression/4.3.13.RELEASE/spring-expression-4.3.13.RELEASE.pom
2017-12-27 23:05:40,054 [Worker-16] INFO  o.e.m.c.i.e.AbstractTransferListenerAdapter - Downloaded https://repo.maven.apache.org/maven2/org/springframework/spring-expression/4.3.13.RELEASE/spring-expression-4.3.13.RELEASE.pom
2017-12-27 23:05:40,661 [Worker-16] INFO  o.e.m.c.i.e.AbstractTransferListenerAdapter - Downloading https://repo.maven.apache.org/maven2/org/springframework/spring-web/4.3.13.RELEASE/spring-web-4.3.13.RELEASE.pom
2017-12-27 23:05:46,289 [Worker-16] INFO  o.e.m.c.i.e.AbstractTransferListenerAdapter - Downloaded https://repo.maven.apache.org/maven2/org/springframework/spring-web/4.3.13.RELEASE/spring-web-4.3.13.RELEASE.pom
2017-12-27 23:05:47,190 [Worker-16] INFO  o.e.m.c.i.e.AbstractTransferListenerAdapter - Downloading https://repo.maven.apache.org/maven2/org/springframework/spring-webmvc/4.3.13.RELEASE/spring-webmvc-4.3.13.RELEASE.jar
2017-12-27 23:05:56,912 [Worker-16] INFO  o.e.m.c.i.e.AbstractTransferListenerAdapter - Downloading https://repo.maven.apache.org/maven2/org/springframework/spring-webmvc/4.3.13.RELEASE/spring-webmvc-4.3.13.RELEASE.jar
2017-12-27 23:06:10,247 [Worker-16] INFO  o.e.m.c.i.e.AbstractTransferListenerAdapter - Downloaded https://repo.maven.apache.org/maven2/org/springframework/spring-webmvc/4.3.13.RELEASE/spring-webmvc-4.3.13.RELEASE.jar
2017-12-27 23:06:10,726 [Worker-16] INFO  o.e.m.c.i.e.AbstractTransferListenerAdapter - Downloading https://repo.maven.apache.org/maven2/org/springframework/spring-aop/4.3.13.RELEASE/spring-aop-4.3.13.RELEASE.jar
2017-12-27 23:06:18,128 [Worker-16] INFO  o.e.m.c.i.e.AbstractTransferListenerAdapter - Downloaded https://repo.maven.apache.org/maven2/org/springframework/spring-aop/4.3.13.RELEASE/spring-aop-4.3.13.RELEASE.jar
2017-12-27 23:06:19,059 [Worker-16] INFO  o.e.m.c.i.e.AbstractTransferListenerAdapter - Downloading https://repo.maven.apache.org/maven2/org/springframework/spring-beans/4.3.13.RELEASE/spring-beans-4.3.13.RELEASE.jar
2017-12-27 23:06:53,059 [Worker-16] INFO  o.e.m.c.i.e.AbstractTransferListenerAdapter - Downloaded https://repo.maven.apache.org/maven2/org/springframework/spring-beans/4.3.13.RELEASE/spring-beans-4.3.13.RELEASE.jar
2017-12-27 23:06:53,638 [Worker-16] INFO  o.e.m.c.i.e.AbstractTransferListenerAdapter - Downloading https://repo.maven.apache.org/maven2/org/springframework/spring-context/4.3.13.RELEASE/spring-context-4.3.13.RELEASE.jar
2017-12-27 23:07:25,074 [Worker-16] INFO  o.e.m.c.i.e.AbstractTransferListenerAdapter - Downloading https://repo.maven.apache.org/maven2/org/springframework/spring-context/4.3.13.RELEASE/spring-context-4.3.13.RELEASE.jar
2017-12-27 23:07:30,094 [Worker-16] INFO  o.e.m.c.i.e.AbstractTransferListenerAdapter - Downloading https://repo.maven.apache.org/maven2/org/springframework/spring-context/4.3.13.RELEASE/spring-context-4.3.13.RELEASE.jar
2017-12-27 23:07:51,297 [Worker-16] INFO  o.e.m.c.i.e.AbstractTransferListenerAdapter - Downloaded https://repo.maven.apache.org/maven2/org/springframework/spring-context/4.3.13.RELEASE/spring-context-4.3.13.RELEASE.jar
2017-12-27 23:07:51,807 [Worker-16] INFO  o.e.m.c.i.e.AbstractTransferListenerAdapter - Downloading https://repo.maven.apache.org/maven2/org/springframework/spring-core/4.3.13.RELEASE/spring-core-4.3.13.RELEASE.jar
2017-12-27 23:08:23,542 [Worker-16] INFO  o.e.m.c.i.e.AbstractTransferListenerAdapter - Downloading https://repo.maven.apache.org/maven2/org/springframework/spring-core/4.3.13.RELEASE/spring-core-4.3.13.RELEASE.jar
2017-12-27 23:08:30,557 [Worker-16] INFO  o.e.m.c.i.e.AbstractTransferListenerAdapter - Downloaded https://repo.maven.apache.org/maven2/org/springframework/spring-core/4.3.13.RELEASE/spring-core-4.3.13.RELEASE.jar
2017-12-27 23:08:31,028 [Worker-16] INFO  o.e.m.c.i.e.AbstractTransferListenerAdapter - Downloading https://repo.maven.apache.org/maven2/org/springframework/spring-expression/4.3.13.RELEASE/spring-expression-4.3.13.RELEASE.jar
2017-12-27 23:08:38,725 [Worker-16] INFO  o.e.m.c.i.e.AbstractTransferListenerAdapter - Downloaded https://repo.maven.apache.org/maven2/org/springframework/spring-expression/4.3.13.RELEASE/spring-expression-4.3.13.RELEASE.jar
2017-12-27 23:08:39,308 [Worker-16] INFO  o.e.m.c.i.e.AbstractTransferListenerAdapter - Downloading https://repo.maven.apache.org/maven2/org/springframework/spring-web/4.3.13.RELEASE/spring-web-4.3.13.RELEASE.jar
2017-12-27 23:09:02,297 [Worker-16] INFO  o.e.m.c.i.e.AbstractTransferListenerAdapter - Downloaded https://repo.maven.apache.org/maven2/org/springframework/spring-web/4.3.13.RELEASE/spring-web-4.3.13.RELEASE.jar
2017-12-27 23:09:08,506 [Worker-16] INFO  o.e.m.c.i.e.AbstractTransferListenerAdapter - Downloaded https://repo.maven.apache.org/maven2/org/apache/maven/plugins/maven-surefire-plugin/2.12.4/maven-surefire-plugin-2.12.4.pom
2017-12-27 23:09:11,248 [Worker-16] WARN  o.e.m.c.i.embedder.EclipseLogger - Using platform encoding (Cp1252 actually) to copy filtered resources, i.e. build is platform dependent!
2017-12-27 23:09:11,327 [Worker-16] INFO  o.e.m.c.i.embedder.EclipseLogger - Copying 2 resources
2017-12-27 23:09:11,343 [Worker-16] WARN  o.e.m.c.i.embedder.EclipseLogger - Using platform encoding (Cp1252 actually) to copy filtered resources, i.e. build is platform dependent!
2017-12-27 23:09:11,363 [Worker-16] INFO  o.e.m.c.i.embedder.EclipseLogger - skip non existing resourceDirectory D:\Accenture Docs\Stream\ADFWeek4\Day1SpringFormValidationMaven\src\test\resources
2017-12-27 23:09:12,360 [Worker-18] WARN  o.e.m.c.i.embedder.EclipseLogger - Using platform encoding (Cp1252 actually) to copy filtered resources, i.e. build is platform dependent!
2017-12-27 23:09:12,428 [Worker-18] INFO  o.e.m.c.i.embedder.EclipseLogger - Copying 0 resource
2017-12-27 23:09:12,428 [Worker-18] WARN  o.e.m.c.i.embedder.EclipseLogger - Using platform encoding (Cp1252 actually) to copy filtered resources, i.e. build is platform dependent!
2017-12-27 23:09:12,444 [Worker-18] INFO  o.e.m.c.i.embedder.EclipseLogger - skip non existing resourceDirectory D:\Accenture Docs\Stream\ADFWeek4\Day1SpringFormValidationMaven\src\test\resources
2017-12-27 23:09:16,907 [Worker-18] INFO  o.e.m.c.i.e.AbstractTransferListenerAdapter - Downloading https://repo.maven.apache.org/maven2/org/apache/maven/plugins/maven-jar-plugin/2.4/maven-jar-plugin-2.4.jar
2017-12-27 23:09:18,272 [Worker-18] INFO  o.e.m.c.i.e.AbstractTransferListenerAdapter - Downloaded https://repo.maven.apache.org/maven2/org/apache/maven/plugins/maven-jar-plugin/2.4/maven-jar-plugin-2.4.jar
2017-12-27 23:09:18,577 [Worker-18] INFO  o.e.m.c.i.l.LifecycleMappingFactory - Using org.eclipse.m2e.jdt.JarLifecycleMapping lifecycle mapping for MavenProject: com.accenture:Day3JPAMavenExample:1.0-SNAPSHOT @ D:\Accenture Docs\Stream\ADFWeek4\Day3JPAMavenExample\pom.xml.
2017-12-27 23:09:21,119 [Worker-18] INFO  o.e.m.c.i.e.AbstractTransferListenerAdapter - Downloading https://repo.maven.apache.org/maven2/org/eclipse/persistence/javax.persistence/2.0.0/javax.persistence-2.0.0.pom
2017-12-27 23:09:21,552 [Worker-18] INFO  o.e.m.c.i.e.AbstractTransferListenerAdapter - Downloaded https://repo.maven.apache.org/maven2/org/eclipse/persistence/javax.persistence/2.0.0/javax.persistence-2.0.0.pom
2017-12-27 23:09:22,121 [Worker-18] INFO  o.e.m.c.i.e.AbstractTransferListenerAdapter - Downloading https://repo.maven.apache.org/maven2/org/hibernate/hibernate-entitymanager/4.2.8.Final/hibernate-entitymanager-4.2.8.Final.pom
2017-12-27 23:09:27,060 [Worker-18] INFO  o.e.m.c.i.e.AbstractTransferListenerAdapter - Downloaded https://repo.maven.apache.org/maven2/org/hibernate/hibernate-entitymanager/4.2.8.Final/hibernate-entitymanager-4.2.8.Final.pom
2017-12-27 23:09:27,846 [Worker-18] INFO  o.e.m.c.i.e.AbstractTransferListenerAdapter - Downloading https://repo.maven.apache.org/maven2/org/jboss/logging/jboss-logging/3.1.0.GA/jboss-logging-3.1.0.GA.pom
2017-12-27 23:09:38,433 [Worker-18] INFO  o.e.m.c.i.e.AbstractTransferListenerAdapter - Downloading https://repo.maven.apache.org/maven2/org/jboss/logging/jboss-logging/3.1.0.GA/jboss-logging-3.1.0.GA.pom
2017-12-27 23:09:39,012 [Worker-18] INFO  o.e.m.c.i.e.AbstractTransferListenerAdapter - Downloaded https://repo.maven.apache.org/maven2/org/jboss/logging/jboss-logging/3.1.0.GA/jboss-logging-3.1.0.GA.pom
2017-12-27 23:09:39,649 [Worker-18] INFO  o.e.m.c.i.e.AbstractTransferListenerAdapter - Downloading https://repo.maven.apache.org/maven2/org/hibernate/hibernate-core/4.2.8.Final/hibernate-core-4.2.8.Final.pom
2017-12-27 23:09:40,683 [Worker-18] INFO  o.e.m.c.i.e.AbstractTransferListenerAdapter - Downloaded https://repo.maven.apache.org/maven2/org/hibernate/hibernate-core/4.2.8.Final/hibernate-core-4.2.8.Final.pom
2017-12-27 23:09:41,289 [Worker-18] INFO  o.e.m.c.i.e.AbstractTransferListenerAdapter - Downloading https://repo.maven.apache.org/maven2/org/jboss/spec/javax/transaction/jboss-transaction-api_1.1_spec/1.0.1.Final/jboss-transaction-api_1.1_spec-1.0.1.Final.pom
2017-12-27 23:09:41,811 [Worker-18] INFO  o.e.m.c.i.e.AbstractTransferListenerAdapter - Downloaded https://repo.maven.apache.org/maven2/org/jboss/spec/javax/transaction/jboss-transaction-api_1.1_spec/1.0.1.Final/jboss-transaction-api_1.1_spec-1.0.1.Final.pom
2017-12-27 23:09:42,419 [Worker-18] INFO  o.e.m.c.i.e.AbstractTransferListenerAdapter - Downloading https://repo.maven.apache.org/maven2/org/hibernate/javax/persistence/hibernate-jpa-2.0-api/1.0.1.Final/hibernate-jpa-2.0-api-1.0.1.Final.pom
2017-12-27 23:09:43,031 [Worker-18] INFO  o.e.m.c.i.e.AbstractTransferListenerAdapter - Downloaded https://repo.maven.apache.org/maven2/org/hibernate/javax/persistence/hibernate-jpa-2.0-api/1.0.1.Final/hibernate-jpa-2.0-api-1.0.1.Final.pom
2017-12-27 23:09:43,624 [Worker-18] INFO  o.e.m.c.i.e.AbstractTransferListenerAdapter - Downloading https://repo.maven.apache.org/maven2/org/hibernate/common/hibernate-commons-annotations/4.0.2.Final/hibernate-commons-annotations-4.0.2.Final.pom
2017-12-27 23:09:44,757 [Worker-18] INFO  o.e.m.c.i.e.AbstractTransferListenerAdapter - Downloaded https://repo.maven.apache.org/maven2/org/hibernate/common/hibernate-commons-annotations/4.0.2.Final/hibernate-commons-annotations-4.0.2.Final.pom
2017-12-27 23:09:45,288 [Worker-18] INFO  o.e.m.c.i.e.AbstractTransferListenerAdapter - Downloading https://repo.maven.apache.org/maven2/org/jboss/logging/jboss-logging/3.1.0.CR2/jboss-logging-3.1.0.CR2.pom
2017-12-27 23:09:45,879 [Worker-18] INFO  o.e.m.c.i.e.AbstractTransferListenerAdapter - Downloaded https://repo.maven.apache.org/maven2/org/jboss/logging/jboss-logging/3.1.0.CR2/jboss-logging-3.1.0.CR2.pom
2017-12-27 23:09:46,375 [Worker-18] INFO  o.e.m.c.i.e.AbstractTransferListenerAdapter - Downloading https://repo.maven.apache.org/maven2/org/jboss/jboss-parent/6/jboss-parent-6.pom
2017-12-27 23:09:47,523 [Worker-18] INFO  o.e.m.c.i.e.AbstractTransferListenerAdapter - Downloaded https://repo.maven.apache.org/maven2/org/jboss/jboss-parent/6/jboss-parent-6.pom
2017-12-27 23:09:48,017 [Worker-18] INFO  o.e.m.c.i.e.AbstractTransferListenerAdapter - Downloading https://repo.maven.apache.org/maven2/mysql/mysql-connector-java/5.1.27/mysql-connector-java-5.1.27.pom
2017-12-27 23:09:48,464 [Worker-18] INFO  o.e.m.c.i.e.AbstractTransferListenerAdapter - Downloaded https://repo.maven.apache.org/maven2/mysql/mysql-connector-java/5.1.27/mysql-connector-java-5.1.27.pom
2017-12-27 23:09:49,451 [Worker-18] INFO  o.e.m.c.i.e.AbstractTransferListenerAdapter - Downloading https://repo.maven.apache.org/maven2/org/eclipse/persistence/javax.persistence/2.0.0/javax.persistence-2.0.0.jar
2017-12-27 23:09:59,114 [Worker-18] INFO  o.e.m.c.i.e.AbstractTransferListenerAdapter - Downloaded https://repo.maven.apache.org/maven2/org/eclipse/persistence/javax.persistence/2.0.0/javax.persistence-2.0.0.jar
2017-12-27 23:09:59,598 [Worker-18] INFO  o.e.m.c.i.e.AbstractTransferListenerAdapter - Downloading https://repo.maven.apache.org/maven2/org/hibernate/hibernate-entitymanager/4.2.8.Final/hibernate-entitymanager-4.2.8.Final.jar
2017-12-27 23:10:08,829 [Worker-18] INFO  o.e.m.c.i.e.AbstractTransferListenerAdapter - Downloading https://repo.maven.apache.org/maven2/org/hibernate/hibernate-entitymanager/4.2.8.Final/hibernate-entitymanager-4.2.8.Final.jar
2017-12-27 23:10:14,147 [Worker-18] INFO  o.e.m.c.i.e.AbstractTransferListenerAdapter - Downloaded https://repo.maven.apache.org/maven2/org/hibernate/hibernate-entitymanager/4.2.8.Final/hibernate-entitymanager-4.2.8.Final.jar
2017-12-27 23:10:14,558 [Worker-18] INFO  o.e.m.c.i.e.AbstractTransferListenerAdapter - Downloading https://repo.maven.apache.org/maven2/org/jboss/logging/jboss-logging/3.1.0.GA/jboss-logging-3.1.0.GA.jar
2017-12-27 23:10:15,889 [Worker-18] INFO  o.e.m.c.i.e.AbstractTransferListenerAdapter - Downloaded https://repo.maven.apache.org/maven2/org/jboss/logging/jboss-logging/3.1.0.GA/jboss-logging-3.1.0.GA.jar
2017-12-27 23:10:19,155 [Worker-18] INFO  o.e.m.c.i.e.AbstractTransferListenerAdapter - Downloading https://repo.maven.apache.org/maven2/org/hibernate/hibernate-core/4.2.8.Final/hibernate-core-4.2.8.Final.jar
2017-12-27 23:12:32,571 [Worker-18] INFO  o.e.m.c.i.e.AbstractTransferListenerAdapter - Downloading https://repo.maven.apache.org/maven2/org/hibernate/hibernate-core/4.2.8.Final/hibernate-core-4.2.8.Final.jar
2017-12-27 23:12:41,647 [Worker-18] INFO  o.e.m.c.i.e.AbstractTransferListenerAdapter - Downloaded https://repo.maven.apache.org/maven2/org/hibernate/hibernate-core/4.2.8.Final/hibernate-core-4.2.8.Final.jar
2017-12-27 23:12:43,345 [Worker-18] INFO  o.e.m.c.i.e.AbstractTransferListenerAdapter - Downloading https://repo.maven.apache.org/maven2/org/jboss/spec/javax/transaction/jboss-transaction-api_1.1_spec/1.0.1.Final/jboss-transaction-api_1.1_spec-1.0.1.Final.jar
2017-12-27 23:12:44,966 [Worker-18] INFO  o.e.m.c.i.e.AbstractTransferListenerAdapter - Downloaded https://repo.maven.apache.org/maven2/org/jboss/spec/javax/transaction/jboss-transaction-api_1.1_spec/1.0.1.Final/jboss-transaction-api_1.1_spec-1.0.1.Final.jar
2017-12-27 23:12:45,397 [Worker-18] INFO  o.e.m.c.i.e.AbstractTransferListenerAdapter - Downloading https://repo.maven.apache.org/maven2/org/hibernate/javax/persistence/hibernate-jpa-2.0-api/1.0.1.Final/hibernate-jpa-2.0-api-1.0.1.Final.jar
2017-12-27 23:12:51,770 [Worker-18] INFO  o.e.m.c.i.e.AbstractTransferListenerAdapter - Downloading https://repo.maven.apache.org/maven2/org/hibernate/javax/persistence/hibernate-jpa-2.0-api/1.0.1.Final/hibernate-jpa-2.0-api-1.0.1.Final.jar
2017-12-27 23:12:54,406 [Worker-18] INFO  o.e.m.c.i.e.AbstractTransferListenerAdapter - Downloaded https://repo.maven.apache.org/maven2/org/hibernate/javax/persistence/hibernate-jpa-2.0-api/1.0.1.Final/hibernate-jpa-2.0-api-1.0.1.Final.jar
2017-12-27 23:12:55,041 [Worker-18] INFO  o.e.m.c.i.e.AbstractTransferListenerAdapter - Downloading https://repo.maven.apache.org/maven2/org/hibernate/common/hibernate-commons-annotations/4.0.2.Final/hibernate-commons-annotations-4.0.2.Final.jar
2017-12-27 23:12:57,906 [Worker-18] INFO  o.e.m.c.i.e.AbstractTransferListenerAdapter - Downloaded https://repo.maven.apache.org/maven2/org/hibernate/common/hibernate-commons-annotations/4.0.2.Final/hibernate-commons-annotations-4.0.2.Final.jar
2017-12-27 23:12:58,483 [Worker-18] INFO  o.e.m.c.i.e.AbstractTransferListenerAdapter - Downloading https://repo.maven.apache.org/maven2/mysql/mysql-connector-java/5.1.27/mysql-connector-java-5.1.27.jar
2017-12-27 23:13:10,870 [Worker-18] INFO  o.e.m.c.i.e.AbstractTransferListenerAdapter - Downloaded https://repo.maven.apache.org/maven2/mysql/mysql-connector-java/5.1.27/mysql-connector-java-5.1.27.jar
2017-12-27 23:13:16,202 [Worker-18] INFO  o.e.m.c.i.e.AbstractTransferListenerAdapter - Downloading https://repo.maven.apache.org/maven2/org/apache/maven/plugins/maven-jar-plugin/2.4/maven-jar-plugin-2.4.pom
2017-12-27 23:13:16,759 [Worker-18] INFO  o.e.m.c.i.e.AbstractTransferListenerAdapter - Downloaded https://repo.maven.apache.org/maven2/org/apache/maven/plugins/maven-jar-plugin/2.4/maven-jar-plugin-2.4.pom
2017-12-27 23:13:16,865 [Worker-18] WARN  o.e.m.c.i.embedder.EclipseLogger - Using platform encoding (Cp1252 actually) to copy filtered resources, i.e. build is platform dependent!
2017-12-27 23:13:16,927 [Worker-18] INFO  o.e.m.c.i.embedder.EclipseLogger - Copying 1 resource
2017-12-27 23:13:16,945 [Worker-18] WARN  o.e.m.c.i.embedder.EclipseLogger - Using platform encoding (Cp1252 actually) to copy filtered resources, i.e. build is platform dependent!
2017-12-27 23:13:16,949 [Worker-18] INFO  o.e.m.c.i.embedder.EclipseLogger - skip non existing resourceDirectory D:\Accenture Docs\Stream\ADFWeek4\Day3JPAMavenExample\src\test\resources
2017-12-27 23:43:45,350 [Worker-3] INFO  c.g.t.t.d.PublishedGradleVersions - Gradle version information cache is up-to-date. Trying to read.
2017-12-27 23:45:45,710 [Worker-0] WARN  o.e.m.c.i.embedder.EclipseLogger - Using platform encoding (Cp1252 actually) to copy filtered resources, i.e. build is platform dependent!
2017-12-27 23:45:45,727 [Worker-0] INFO  o.e.m.c.i.embedder.EclipseLogger - Copying 2 resources
2017-12-27 23:45:45,737 [Worker-0] WARN  o.e.m.c.i.embedder.EclipseLogger - Using platform encoding (Cp1252 actually) to copy filtered resources, i.e. build is platform dependent!
2017-12-27 23:45:45,749 [Worker-0] INFO  o.e.m.c.i.embedder.EclipseLogger - skip non existing resourceDirectory D:\Accenture Docs\Stream\ADFWeek4\Day1SpringFormValidationMaven\src\test\resources
